<?xml version="1.0" encoding="UTF-8"?>
<testsuite name="org.worldskills.cloud.skillsbackend.SkillsBackendApplicationTests" tests="1" skipped="0" failures="0" errors="0" timestamp="2025-01-04T01:04:08" hostname="ip-10-0-28-33.ap-northeast-1.compute.internal" time="1.273">
  <properties/>
  <testcase name="contextLoads()" classname="org.worldskills.cloud.skillsbackend.SkillsBackendApplicationTests" time="1.273"/>
  <system-out><![CDATA[01:04:04.946 [Test worker] INFO org.springframework.test.context.support.AnnotationConfigContextLoaderUtils -- Could not detect default configuration classes for test class [org.worldskills.cloud.skillsbackend.SkillsBackendApplicationTests]: SkillsBackendApplicationTests does not declare any static, non-private, non-final, nested classes annotated with @Configuration.
01:04:05.210 [Test worker] INFO org.springframework.boot.test.context.SpringBootTestContextBootstrapper -- Found @SpringBootConfiguration org.worldskills.cloud.skillsbackend.SkillsBackendApplication for test class org.worldskills.cloud.skillsbackend.SkillsBackendApplicationTests

  .   ____          _            __ _ _
 /\\ / ___'_ __ _ _(_)_ __  __ _ \ \ \ \
( ( )\___ | '_ | '_| | '_ \/ _` | \ \ \ \
 \\/  ___)| |_)| | | | | || (_| |  ) ) ) )
  '  |____| .__|_| |_|_| |_\__, | / / / /
 =========|_|==============|___/=/_/_/_/
 :: Spring Boot ::                (v3.1.3)

2025-01-04T01:04:05.960Z  INFO 31853 --- [    Test worker] o.w.c.s.SkillsBackendApplicationTests    : Starting SkillsBackendApplicationTests using Java 17.0.13 with PID 31853 (started by ec2-user in /home/ec2-user/app/application/skills-backend)
2025-01-04T01:04:05.963Z  INFO 31853 --- [    Test worker] o.w.c.s.SkillsBackendApplicationTests    : No active profile set, falling back to 1 default profile: "default"
2025-01-04T01:04:08.634Z  INFO 31853 --- [    Test worker] o.w.c.s.SkillsBackendApplicationTests    : Started SkillsBackendApplicationTests in 3.159 seconds (process running for 5.993)
]]></system-out>
  <system-err><![CDATA[]]></system-err>
</testsuite>
